# JRE version: OpenJDK Runtime Environment (11.0.8+10) (build 11.0.8+10-b944.6842174)
# Java VM: OpenJDK 64-Bit Server VM (11.0.8+10-b944.6842174, mixed mode, tiered, compressed oops, g1 gc, windows-amd64)
Heap:
 garbage-first heap   total 260096K, used 133699K [0x0000000080000000, 0x0000000100000000)
  region size 1024K, 53 young (54272K), 13 survivors (13312K)
 Metaspace       used 102744K, capacity 104955K, committed 105656K, reserved 1140736K
  class space    used 13037K, capacity 13882K, committed 14112K, reserved 1048576K
GC Heap History (20 events):
Event: 6.076 GC heap before
{Heap before GC invocations=3 (full 0):
 garbage-first heap   total 260096K, used 29676K [0x0000000080000000, 0x0000000100000000)
  region size 1024K, 24 young (24576K), 11 survivors (11264K)
 Metaspace       used 21847K, capacity 22475K, committed 22784K, reserved 1069056K
  class space    used 2767K, capacity 2975K, committed 3072K, reserved 1048576K
}
Event: 6.085 GC heap after
{Heap after GC invocations=4 (full 0):
 garbage-first heap   total 260096K, used 16818K [0x0000000080000000, 0x0000000100000000)
  region size 1024K, 1 young (1024K), 1 survivors (1024K)
 Metaspace       used 21847K, capacity 22475K, committed 22784K, reserved 1069056K
  class space    used 2767K, capacity 2975K, committed 3072K, reserved 1048576K
}
Event: 8.511 GC heap before
{Heap before GC invocations=4 (full 0):
 garbage-first heap   total 260096K, used 99762K [0x0000000080000000, 0x0000000100000000)
  region size 1024K, 84 young (86016K), 1 survivors (1024K)
 Metaspace       used 35070K, capacity 35830K, committed 35840K, reserved 1081344K
  class space    used 4561K, capacity 4855K, committed 4864K, reserved 1048576K
}
Event: 8.522 GC heap after
{Heap after GC invocations=5 (full 0):
 garbage-first heap   total 260096K, used 21184K [0x0000000080000000, 0x0000000100000000)
  region size 1024K, 6 young (6144K), 6 survivors (6144K)
 Metaspace       used 35070K, capacity 35830K, committed 35840K, reserved 1081344K
  class space    used 4561K, capacity 4855K, committed 4864K, reserved 1048576K
}
Event: 11.621 GC heap before
{Heap before GC invocations=6 (full 0):
 garbage-first heap   total 260096K, used 131776K [0x0000000080000000, 0x0000000100000000)
  region size 1024K, 111 young (113664K), 6 survivors (6144K)
 Metaspace       used 44375K, capacity 45421K, committed 45644K, reserved 1089536K
  class space    used 5701K, capacity 6107K, committed 6220K, reserved 1048576K
}
Event: 11.641 GC heap after
{Heap after GC invocations=7 (full 0):
 garbage-first heap   total 260096K, used 26811K [0x0000000080000000, 0x0000000100000000)
  region size 1024K, 11 young (11264K), 11 survivors (11264K)
 Metaspace       used 44375K, capacity 45421K, committed 45644K, reserved 1089536K
  class space    used 5701K, capacity 6107K, committed 6220K, reserved 1048576K
}
Event: 15.163 GC heap before
{Heap before GC invocations=7 (full 0):
 garbage-first heap   total 260096K, used 177339K [0x0000000080000000, 0x0000000100000000)
  region size 1024K, 152 young (155648K), 11 survivors (11264K)
 Metaspace       used 57554K, capacity 58985K, committed 59212K, reserved 1099776K
  class space    used 7335K, capacity 7893K, committed 8012K, reserved 1048576K
}
Event: 15.201 GC heap after
{Heap after GC invocations=8 (full 0):
 garbage-first heap   total 260096K, used 47119K [0x0000000080000000, 0x0000000100000000)
  region size 1024K, 19 young (19456K), 19 survivors (19456K)
 Metaspace       used 57554K, capacity 58985K, committed 59212K, reserved 1099776K
  class space    used 7335K, capacity 7893K, committed 8012K, reserved 1048576K
}
Event: 15.621 GC heap before
{Heap before GC invocations=8 (full 0):
 garbage-first heap   total 260096K, used 60431K [0x0000000080000000, 0x0000000100000000)
  region size 1024K, 32 young (32768K), 19 survivors (19456K)
 Metaspace       used 58796K, capacity 60168K, committed 60236K, reserved 1101824K
  class space    used 7460K, capacity 8005K, committed 8012K, reserved 1048576K
}
Event: 15.656 GC heap after
{Heap after GC invocations=9 (full 0):
 garbage-first heap   total 260096K, used 49950K [0x0000000080000000, 0x0000000100000000)
  region size 1024K, 4 young (4096K), 4 survivors (4096K)
 Metaspace       used 58796K, capacity 60168K, committed 60236K, reserved 1101824K
  class space    used 7460K, capacity 8005K, committed 8012K, reserved 1048576K
}
Event: 18.324 GC heap before
{Heap before GC invocations=10 (full 0):
 garbage-first heap   total 260096K, used 186142K [0x0000000080000000, 0x0000000100000000)
  region size 1024K, 137 young (140288K), 4 survivors (4096K)
 Metaspace       used 71123K, capacity 72777K, committed 73036K, reserved 1112064K
  class space    used 9322K, capacity 9930K, committed 10060K, reserved 1048576K
}
Event: 18.338 GC heap after
{Heap after GC invocations=11 (full 0):
 garbage-first heap   total 260096K, used 55880K [0x0000000080000000, 0x0000000100000000)
  region size 1024K, 10 young (10240K), 10 survivors (10240K)
 Metaspace       used 71123K, capacity 72777K, committed 73036K, reserved 1112064K
  class space    used 9322K, capacity 9930K, committed 10060K, reserved 1048576K
}
Event: 21.114 GC heap before
{Heap before GC invocations=11 (full 0):
 garbage-first heap   total 260096K, used 193096K [0x0000000080000000, 0x0000000100000000)
  region size 1024K, 143 young (146432K), 10 survivors (10240K)
 Metaspace       used 80038K, capacity 82139K, committed 82508K, reserved 1120256K
  class space    used 10426K, capacity 11209K, committed 11340K, reserved 1048576K
}
Event: 21.139 GC heap after
{Heap after GC invocations=12 (full 0):
 garbage-first heap   total 260096K, used 70202K [0x0000000080000000, 0x0000000100000000)
  region size 1024K, 18 young (18432K), 18 survivors (18432K)
 Metaspace       used 80038K, capacity 82139K, committed 82508K, reserved 1120256K
  class space    used 10426K, capacity 11209K, committed 11340K, reserved 1048576K
}
Event: 23.813 GC heap before
{Heap before GC invocations=12 (full 0):
 garbage-first heap   total 260096K, used 209466K [0x0000000080000000, 0x0000000100000000)
  region size 1024K, 140 young (143360K), 18 survivors (18432K)
 Metaspace       used 87119K, capacity 89278K, committed 89420K, reserved 1126400K
  class space    used 11253K, capacity 12055K, committed 12108K, reserved 1048576K
}
Event: 23.838 GC heap after
{Heap after GC invocations=13 (full 0):
 garbage-first heap   total 260096K, used 82694K [0x0000000080000000, 0x0000000100000000)
  region size 1024K, 13 young (13312K), 13 survivors (13312K)
 Metaspace       used 87119K, capacity 89278K, committed 89420K, reserved 1126400K
  class space    used 11253K, capacity 12055K, committed 12108K, reserved 1048576K
}
Event: 28.586 GC heap before
{Heap before GC invocations=13 (full 0):
 garbage-first heap   total 260096K, used 198406K [0x0000000080000000, 0x0000000100000000)
  region size 1024K, 127 young (130048K), 13 survivors (13312K)
 Metaspace       used 91120K, capacity 93256K, committed 93516K, reserved 1130496K
  class space    used 11700K, capacity 12503K, committed 12620K, reserved 1048576K
}
Event: 28.614 GC heap after
{Heap after GC invocations=14 (full 0):
 garbage-first heap   total 260096K, used 89791K [0x0000000080000000, 0x0000000100000000)
  region size 1024K, 7 young (7168K), 7 survivors (7168K)
 Metaspace       used 91120K, capacity 93256K, committed 93516K, reserved 1130496K
  class space    used 11700K, capacity 12503K, committed 12620K, reserved 1048576K
}
Event: 30.536 GC heap before
{Heap before GC invocations=14 (full 0):
 garbage-first heap   total 260096K, used 153279K [0x0000000080000000, 0x0000000100000000)
  region size 1024K, 71 young (72704K), 7 survivors (7168K)
 Metaspace       used 98377K, capacity 100726K, committed 100812K, reserved 1136640K
  class space    used 12652K, capacity 13476K, committed 13516K, reserved 1048576K
}
Event: 30.559 GC heap after
{Heap after GC invocations=15 (full 0):
 garbage-first heap   total 260096K, used 95491K [0x0000000080000000, 0x0000000100000000)
  region size 1024K, 13 young (13312K), 13 survivors (13312K)
 Metaspace       used 98377K, capacity 100726K, committed 100812K, reserved 1136640K
  class space    used 12652K, capacity 13476K, committed 13516K, reserved 1048576K
}

