# JRE version: OpenJDK Runtime Environment (11.0.8+10) (build 11.0.8+10-b944.6842174)
# Java VM: OpenJDK 64-Bit Server VM (11.0.8+10-b944.6842174, mixed mode, tiered, compressed oops, g1 gc, windows-amd64)
Heap:
 garbage-first heap   total 260096K, used 245318K [0x0000000080000000, 0x0000000100000000)
  region size 1024K, 12 young (12288K), 2 survivors (2048K)
 Metaspace       used 107668K, capacity 109883K, committed 110396K, reserved 1144832K
  class space    used 13628K, capacity 14451K, committed 14592K, reserved 1048576K
GC Heap History (20 events):
Event: 30.639 GC heap before
{Heap before GC invocations=15 (full 0):
 garbage-first heap   total 260096K, used 175104K [0x0000000080000000, 0x0000000100000000)
  region size 1024K, 92 young (94208K), 13 survivors (13312K)
 Metaspace       used 98227K, capacity 100533K, committed 100696K, reserved 1136640K
  class space    used 12604K, capacity 13411K, committed 13440K, reserved 1048576K
}
Event: 30.657 GC heap after
{Heap after GC invocations=16 (full 0):
 garbage-first heap   total 260096K, used 101974K [0x0000000080000000, 0x0000000100000000)
  region size 1024K, 7 young (7168K), 7 survivors (7168K)
 Metaspace       used 98227K, capacity 100533K, committed 100696K, reserved 1136640K
  class space    used 12604K, capacity 13411K, committed 13440K, reserved 1048576K
}
Event: 33.012 GC heap before
{Heap before GC invocations=17 (full 0):
 garbage-first heap   total 260096K, used 187990K [0x0000000080000000, 0x0000000100000000)
  region size 1024K, 94 young (96256K), 7 survivors (7168K)
 Metaspace       used 103976K, capacity 106175K, committed 106684K, reserved 1142784K
  class space    used 13173K, capacity 14010K, committed 14208K, reserved 1048576K
}
Event: 33.049 GC heap after
{Heap after GC invocations=18 (full 0):
 garbage-first heap   total 260096K, used 138720K [0x0000000080000000, 0x0000000100000000)
  region size 1024K, 12 young (12288K), 12 survivors (12288K)
 Metaspace       used 103976K, capacity 106175K, committed 106684K, reserved 1142784K
  class space    used 13173K, capacity 14010K, committed 14208K, reserved 1048576K
}
Event: 33.061 GC heap before
{Heap before GC invocations=18 (full 0):
 garbage-first heap   total 260096K, used 139744K [0x0000000080000000, 0x0000000100000000)
  region size 1024K, 13 young (13312K), 12 survivors (12288K)
 Metaspace       used 103976K, capacity 106175K, committed 106684K, reserved 1142784K
  class space    used 13173K, capacity 14010K, committed 14208K, reserved 1048576K
}
Event: 33.081 GC heap after
{Heap after GC invocations=19 (full 0):
 garbage-first heap   total 260096K, used 137992K [0x0000000080000000, 0x0000000100000000)
  region size 1024K, 2 young (2048K), 2 survivors (2048K)
 Metaspace       used 103976K, capacity 106175K, committed 106684K, reserved 1142784K
  class space    used 13173K, capacity 14010K, committed 14208K, reserved 1048576K
}
Event: 33.864 GC heap before
{Heap before GC invocations=19 (full 0):
 garbage-first heap   total 260096K, used 186120K [0x0000000080000000, 0x0000000100000000)
  region size 1024K, 49 young (50176K), 2 survivors (2048K)
 Metaspace       used 107101K, capacity 109372K, committed 109884K, reserved 1144832K
  class space    used 13570K, capacity 14410K, committed 14592K, reserved 1048576K
}
Event: 33.882 GC heap after
{Heap after GC invocations=20 (full 0):
 garbage-first heap   total 260096K, used 162586K [0x0000000080000000, 0x0000000100000000)
  region size 1024K, 7 young (7168K), 7 survivors (7168K)
 Metaspace       used 107101K, capacity 109372K, committed 109884K, reserved 1144832K
  class space    used 13570K, capacity 14410K, committed 14592K, reserved 1048576K
}
Event: 34.007 GC heap before
{Heap before GC invocations=20 (full 0):
 garbage-first heap   total 260096K, used 195354K [0x0000000080000000, 0x0000000100000000)
  region size 1024K, 39 young (39936K), 7 survivors (7168K)
 Metaspace       used 107101K, capacity 109372K, committed 109884K, reserved 1144832K
  class space    used 13570K, capacity 14410K, committed 14592K, reserved 1048576K
}
Event: 34.032 GC heap after
{Heap after GC invocations=21 (full 0):
 garbage-first heap   total 260096K, used 190287K [0x0000000080000000, 0x0000000100000000)
  region size 1024K, 5 young (5120K), 5 survivors (5120K)
 Metaspace       used 107101K, capacity 109372K, committed 109884K, reserved 1144832K
  class space    used 13570K, capacity 14410K, committed 14592K, reserved 1048576K
}
Event: 34.288 GC heap before
{Heap before GC invocations=22 (full 0):
 garbage-first heap   total 260096K, used 207695K [0x0000000080000000, 0x0000000100000000)
  region size 1024K, 22 young (22528K), 5 survivors (5120K)
 Metaspace       used 107191K, capacity 109439K, committed 109884K, reserved 1144832K
  class space    used 13570K, capacity 14410K, committed 14592K, reserved 1048576K
}
Event: 34.308 GC heap after
{Heap after GC invocations=23 (full 0):
 garbage-first heap   total 260096K, used 205824K [0x0000000080000000, 0x0000000100000000)
  region size 1024K, 3 young (3072K), 3 survivors (3072K)
 Metaspace       used 107191K, capacity 109439K, committed 109884K, reserved 1144832K
  class space    used 13570K, capacity 14410K, committed 14592K, reserved 1048576K
}
Event: 34.367 GC heap before
{Heap before GC invocations=23 (full 0):
 garbage-first heap   total 260096K, used 215040K [0x0000000080000000, 0x0000000100000000)
  region size 1024K, 12 young (12288K), 3 survivors (3072K)
 Metaspace       used 107191K, capacity 109439K, committed 109884K, reserved 1144832K
  class space    used 13570K, capacity 14410K, committed 14592K, reserved 1048576K
}
Event: 34.380 GC heap after
{Heap after GC invocations=24 (full 0):
 garbage-first heap   total 260096K, used 211376K [0x0000000080000000, 0x0000000100000000)
  region size 1024K, 2 young (2048K), 2 survivors (2048K)
 Metaspace       used 107191K, capacity 109439K, committed 109884K, reserved 1144832K
  class space    used 13570K, capacity 14410K, committed 14592K, reserved 1048576K
}
Event: 34.411 GC heap before
{Heap before GC invocations=24 (full 0):
 garbage-first heap   total 260096K, used 221616K [0x0000000080000000, 0x0000000100000000)
  region size 1024K, 12 young (12288K), 2 survivors (2048K)
 Metaspace       used 107191K, capacity 109439K, committed 109884K, reserved 1144832K
  class space    used 13570K, capacity 14410K, committed 14592K, reserved 1048576K
}
Event: 34.421 GC heap after
{Heap after GC invocations=25 (full 0):
 garbage-first heap   total 260096K, used 220491K [0x0000000080000000, 0x0000000100000000)
  region size 1024K, 2 young (2048K), 2 survivors (2048K)
 Metaspace       used 107191K, capacity 109439K, committed 109884K, reserved 1144832K
  class space    used 13570K, capacity 14410K, committed 14592K, reserved 1048576K
}
Event: 34.444 GC heap before
{Heap before GC invocations=25 (full 0):
 garbage-first heap   total 260096K, used 230731K [0x0000000080000000, 0x0000000100000000)
  region size 1024K, 12 young (12288K), 2 survivors (2048K)
 Metaspace       used 107191K, capacity 109439K, committed 109884K, reserved 1144832K
  class space    used 13570K, capacity 14410K, committed 14592K, reserved 1048576K
}
Event: 34.452 GC heap after
{Heap after GC invocations=26 (full 0):
 garbage-first heap   total 260096K, used 228841K [0x0000000080000000, 0x0000000100000000)
  region size 1024K, 2 young (2048K), 2 survivors (2048K)
 Metaspace       used 107191K, capacity 109439K, committed 109884K, reserved 1144832K
  class space    used 13570K, capacity 14410K, committed 14592K, reserved 1048576K
}
Event: 34.483 GC heap before
{Heap before GC invocations=26 (full 0):
 garbage-first heap   total 260096K, used 239081K [0x0000000080000000, 0x0000000100000000)
  region size 1024K, 12 young (12288K), 2 survivors (2048K)
 Metaspace       used 107191K, capacity 109439K, committed 109884K, reserved 1144832K
  class space    used 13570K, capacity 14410K, committed 14592K, reserved 1048576K
}
Event: 34.496 GC heap after
{Heap after GC invocations=27 (full 0):
 garbage-first heap   total 260096K, used 237126K [0x0000000080000000, 0x0000000100000000)
  region size 1024K, 2 young (2048K), 2 survivors (2048K)
 Metaspace       used 107191K, capacity 109439K, committed 109884K, reserved 1144832K
  class space    used 13570K, capacity 14410K, committed 14592K, reserved 1048576K
}

