# JRE version: OpenJDK Runtime Environment (11.0.8+10) (build 11.0.8+10-b944.6842174)
# Java VM: OpenJDK 64-Bit Server VM (11.0.8+10-b944.6842174, mixed mode, tiered, compressed oops, g1 gc, windows-amd64)
Heap:
 garbage-first heap   total 260096K, used 100244K [0x0000000702e00000, 0x0000000800000000)
  region size 1024K, 77 young (78848K), 11 survivors (11264K)
 Metaspace       used 54386K, capacity 54927K, committed 55168K, reserved 1097728K
  class space    used 6211K, capacity 6422K, committed 6528K, reserved 1048576K
GC Heap History (10 events):
Event: 1.502 GC heap before
{Heap before GC invocations=0 (full 0):
 garbage-first heap   total 260096K, used 27648K [0x0000000702e00000, 0x0000000800000000)
  region size 1024K, 24 young (24576K), 0 survivors (0K)
 Metaspace       used 12334K, capacity 12405K, committed 12544K, reserved 1060864K
  class space    used 1158K, capacity 1174K, committed 1280K, reserved 1048576K
}
Event: 1.509 GC heap after
{Heap after GC invocations=1 (full 0):
 garbage-first heap   total 260096K, used 5736K [0x0000000702e00000, 0x0000000800000000)
  region size 1024K, 3 young (3072K), 3 survivors (3072K)
 Metaspace       used 12334K, capacity 12405K, committed 12544K, reserved 1060864K
  class space    used 1158K, capacity 1174K, committed 1280K, reserved 1048576K
}
Event: 3.098 GC heap before
{Heap before GC invocations=1 (full 0):
 garbage-first heap   total 260096K, used 41576K [0x0000000702e00000, 0x0000000800000000)
  region size 1024K, 39 young (39936K), 3 survivors (3072K)
 Metaspace       used 20925K, capacity 21165K, committed 21248K, reserved 1069056K
  class space    used 2219K, capacity 2286K, committed 2304K, reserved 1048576K
}
Event: 3.121 GC heap after
{Heap after GC invocations=2 (full 0):
 garbage-first heap   total 260096K, used 9364K [0x0000000702e00000, 0x0000000800000000)
  region size 1024K, 7 young (7168K), 7 survivors (7168K)
 Metaspace       used 20925K, capacity 21165K, committed 21248K, reserved 1069056K
  class space    used 2219K, capacity 2286K, committed 2304K, reserved 1048576K
}
Event: 5.624 GC heap before
{Heap before GC invocations=3 (full 0):
 garbage-first heap   total 260096K, used 70804K [0x0000000702e00000, 0x0000000800000000)
  region size 1024K, 55 young (56320K), 7 survivors (7168K)
 Metaspace       used 31310K, capacity 31755K, committed 31872K, reserved 1077248K
  class space    used 3721K, capacity 3889K, committed 3968K, reserved 1048576K
}
Event: 5.647 GC heap after
{Heap after GC invocations=4 (full 0):
 garbage-first heap   total 260096K, used 23400K [0x0000000702e00000, 0x0000000800000000)
  region size 1024K, 6 young (6144K), 6 survivors (6144K)
 Metaspace       used 31310K, capacity 31755K, committed 31872K, reserved 1077248K
  class space    used 3721K, capacity 3889K, committed 3968K, reserved 1048576K
}
Event: 6.471 GC heap before
{Heap before GC invocations=4 (full 0):
 garbage-first heap   total 260096K, used 41832K [0x0000000702e00000, 0x0000000800000000)
  region size 1024K, 25 young (25600K), 6 survivors (6144K)
 Metaspace       used 35146K, capacity 35536K, committed 35584K, reserved 1081344K
  class space    used 4144K, capacity 4316K, committed 4352K, reserved 1048576K
}
Event: 6.499 GC heap after
{Heap after GC invocations=5 (full 0):
 garbage-first heap   total 260096K, used 25397K [0x0000000702e00000, 0x0000000800000000)
  region size 1024K, 8 young (8192K), 8 survivors (8192K)
 Metaspace       used 35146K, capacity 35536K, committed 35584K, reserved 1081344K
  class space    used 4144K, capacity 4316K, committed 4352K, reserved 1048576K
}
Event: 10.016 GC heap before
{Heap before GC invocations=6 (full 0):
 garbage-first heap   total 260096K, used 117557K [0x0000000702e00000, 0x0000000800000000)
  region size 1024K, 97 young (99328K), 8 survivors (8192K)
 Metaspace       used 46888K, capacity 47367K, committed 47744K, reserved 1091584K
  class space    used 5483K, capacity 5673K, committed 5760K, reserved 1048576K
}
Event: 10.032 GC heap after
{Heap after GC invocations=7 (full 0):
 garbage-first heap   total 260096K, used 33684K [0x0000000702e00000, 0x0000000800000000)
  region size 1024K, 11 young (11264K), 11 survivors (11264K)
 Metaspace       used 46888K, capacity 47367K, committed 47744K, reserved 1091584K
  class space    used 5483K, capacity 5673K, committed 5760K, reserved 1048576K
}

